

Started GET "/" for 104.131.159.76 at 2017-03-18 02:29:18 -0400
Processing by Rails::WelcomeController#index as HTML
  Rendered /home/cabox/.rvm/gems/ruby-2.1.2/gems/railties-4.1.6/lib/rails/templates/rails/welcome/index.html.erb (1.8ms)
Completed 200 OK in 18ms (Views: 7.5ms | ActiveRecord: 0.0ms)


Started HEAD "/" for 104.131.159.76 at 2017-03-18 02:29:20 -0400
Processing by Rails::WelcomeController#index as HTML
  Rendered /home/cabox/.rvm/gems/ruby-2.1.2/gems/railties-4.1.6/lib/rails/templates/rails/welcome/index.html.erb (0.1ms)
Completed 200 OK in 1ms (Views: 1.1ms | ActiveRecord: 0.0ms)


Started GET "/" for 104.131.159.76 at 2017-03-18 02:29:21 -0400
Processing by Rails::WelcomeController#index as HTML
  Rendered /home/cabox/.rvm/gems/ruby-2.1.2/gems/railties-4.1.6/lib/rails/templates/rails/welcome/index.html.erb (0.1ms)
Completed 200 OK in 1ms (Views: 1.1ms | ActiveRecord: 0.0ms)


Started GET "/" for 104.131.159.76 at 2017-03-18 02:43:46 -0400
Processing by Rails::WelcomeController#index as HTML
  Rendered /home/cabox/.rvm/gems/ruby-2.1.2/gems/railties-4.1.6/lib/rails/templates/rails/welcome/index.html.erb (1.9ms)
Completed 200 OK in 18ms (Views: 7.4ms | ActiveRecord: 0.0ms)


Started HEAD "/" for 104.131.159.76 at 2017-03-18 02:46:04 -0400
Processing by Rails::WelcomeController#index as HTML
  Rendered /home/cabox/.rvm/gems/ruby-2.1.2/gems/railties-4.1.6/lib/rails/templates/rails/welcome/index.html.erb (0.1ms)
Completed 200 OK in 2ms (Views: 1.3ms | ActiveRecord: 0.0ms)


Started GET "/" for 104.131.159.76 at 2017-03-18 02:46:04 -0400
Processing by Rails::WelcomeController#index as HTML
  Rendered /home/cabox/.rvm/gems/ruby-2.1.2/gems/railties-4.1.6/lib/rails/templates/rails/welcome/index.html.erb (0.1ms)
Completed 200 OK in 1ms (Views: 1.1ms | ActiveRecord: 0.0ms)


Started GET "/" for 104.131.159.76 at 2017-03-18 03:07:21 -0400
Processing by ApplicationController#hello as HTML
  Rendered html template (0.0ms)
Completed 200 OK in 19ms (Views: 8.8ms | ActiveRecord: 0.0ms)


Started HEAD "/" for 104.131.159.76 at 2017-03-18 03:14:35 -0400
Processing by ApplicationController#hello as HTML
  Rendered html template (0.1ms)
Completed 200 OK in 1ms (Views: 0.7ms | ActiveRecord: 0.0ms)


Started GET "/" for 104.131.159.76 at 2017-03-18 03:14:36 -0400
Processing by ApplicationController#hello as HTML
  Rendered html template (0.0ms)
Completed 200 OK in 1ms (Views: 0.4ms | ActiveRecord: 0.0ms)
